<?xml version="1.0" encoding="UTF-8"?>
<!-- Generated by org.testng.reporters.JUnitXMLReporter -->
<testsuite ignored="0" hostname="ADMIN-UFNGSTL0N" failures="1" tests="1" name="GroupsDemo" time="0.035" errors="0" timestamp="03 мая 2022 18:01:41 GMT">
  <testcase classname="org.intita.AppTest" name="test" time="0.01">
    <failure type="java.lang.AssertionError" message="expected [true] but found [false]">
      <![CDATA[java.lang.AssertionError: expected [true] but found [false]
at org.intita.AppTest.test(AppTest.java:15)
... Removed 33 stack frames]]>
    </failure>
  </testcase> <!-- test -->
</testsuite> <!-- GroupsDemo -->
